{
  "stats": {
    "suites": 1,
    "tests": 1,
    "passes": 1,
    "pending": 0,
    "failures": 0,
    "start": "2024-05-31T06:08:18.065Z",
    "end": "2024-05-31T06:08:27.419Z",
    "duration": 9354,
    "testsRegistered": 1,
    "passPercent": 100,
    "pendingPercent": 0,
    "other": 0,
    "hasOther": false,
    "skipped": 0,
    "hasSkipped": false
  },
  "results": [
    {
      "uuid": "13b0f4ff-fcc4-4277-b954-938cefe317d3",
      "title": "",
      "fullFile": "cypress/integration/examples/ecom.js",
      "file": "cypress/integration/examples/ecom.js",
      "beforeHooks": [],
      "afterHooks": [],
      "tests": [],
      "suites": [
        {
          "uuid": "2e965990-cbe6-4233-aa5c-addde9b731b4",
          "title": "E-commerce Login",
          "fullFile": "",
          "file": "",
          "beforeHooks": [],
          "afterHooks": [],
          "tests": [
            {
              "title": "should log in using username and password from fixture",
              "fullTitle": "E-commerce Login should log in using username and password from fixture",
              "timedOut": null,
              "duration": 7918,
              "state": "passed",
              "speed": "medium",
              "pass": true,
              "fail": false,
              "pending": false,
              "context": "[\n  {\n    \"title\": \"cypress-mochawesome-reporter-videos-passed\",\n    \"value\": \"cypress/integration/examples/ecom.js\"\n  },\n  \"cypress/videos/ecom.js.mp4\"\n]",
              "code": "const loginPage = new _LoginPage.default();\nloginPage.visit();\ncy.wait(1000);\n// Ensure the fixture data is available before using it\ncy.wrap(this.data).should('exist').then(data => {\n  // Log the data to ensure it's correct\n  cy.log('Username:', data.username);\n  cy.log('Password:', data.password);\n  // Use the data to log in\n  loginPage.enterEmail().type(data.username);\n  // Verify the email field contains the correct value\n  loginPage.enterEmail().should('have.value', data.username);\n  loginPage.continue_Btn().click();\n  loginPage.enterPassword().type(data.password);\n  // Verify the password field contains the correct value\n  loginPage.enterPassword().should('have.value', data.password);\n  loginPage.signin_Btn().click();\n  // Wait for login to complete and redirect\n  cy.url().should('include', '/www.amazon.in');\n});",
              "err": {},
              "uuid": "b64ddf82-7010-49c9-b95d-5b533e126c05",
              "parentUUID": "2e965990-cbe6-4233-aa5c-addde9b731b4",
              "isHook": false,
              "skipped": false
            }
          ],
          "suites": [],
          "passes": [
            "b64ddf82-7010-49c9-b95d-5b533e126c05"
          ],
          "failures": [],
          "pending": [],
          "skipped": [],
          "duration": 7918,
          "root": false,
          "rootEmpty": false,
          "_timeout": 2000
        }
      ],
      "passes": [],
      "failures": [],
      "pending": [],
      "skipped": [],
      "duration": 0,
      "root": true,
      "rootEmpty": true,
      "_timeout": 2000
    }
  ],
  "meta": {
    "mocha": {
      "version": "7.0.1"
    },
    "mochawesome": {
      "options": {
        "quiet": false,
        "reportFilename": "mochawesome",
        "saveHtml": true,
        "saveJson": true,
        "consoleReporter": "spec",
        "useInlineDiffs": false,
        "code": true
      },
      "version": "7.1.3"
    },
    "marge": {
      "options": {
        "id": "default",
        "reportDir": "cypress/reports",
        "overwrite": false,
        "html": true,
        "json": true,
        "embeddedScreenshots": true,
        "embeddedVideos": true
      },
      "version": "6.2.0"
    }
  }
}